2024-10-02 18:16:34 0 [Note] Starting MariaDB 10.4.32-MariaDB source revision c4143f909528e3fab0677a28631d10389354c491 as process 1812
2024-10-02 18:16:34 0 [Note] InnoDB: Mutexes and rw_locks use Windows interlocked functions
2024-10-02 18:16:34 0 [Note] InnoDB: Uses event mutexes
2024-10-02 18:16:34 0 [Note] InnoDB: Compressed tables use zlib 1.3
2024-10-02 18:16:34 0 [Note] InnoDB: Number of pools: 1
2024-10-02 18:16:34 0 [Note] InnoDB: Using SSE2 crc32 instructions
2024-10-02 18:16:34 0 [Note] InnoDB: Initializing buffer pool, total size = 16M, instances = 1, chunk size = 16M
2024-10-02 18:16:34 0 [Note] InnoDB: Completed initialization of buffer pool
2024-10-02 18:16:34 0 [Note] InnoDB: Starting crash recovery from checkpoint LSN=300288
2024-10-02 18:16:35 0 [Note] InnoDB: 128 out of 128 rollback segments are active.
2024-10-02 18:16:35 0 [Note] InnoDB: Removed temporary tablespace data file: "ibtmp1"
2024-10-02 18:16:35 0 [Note] InnoDB: Creating shared tablespace for temporary tables
2024-10-02 18:16:35 0 [Note] InnoDB: Setting file 'C:\xampp\mysql\data\ibtmp1' size to 12 MB. Physically writing the file full; Please wait ...
2024-10-02 18:16:35 0 [Note] InnoDB: File 'C:\xampp\mysql\data\ibtmp1' size is now 12 MB.
2024-10-02 18:16:35 0 [Note] InnoDB: Waiting for purge to start
2024-10-02 18:16:35 0 [Note] InnoDB: 10.4.32 started; log sequence number 300297; transaction id 170
2024-10-02 18:16:35 0 [Note] InnoDB: Loading buffer pool(s) from C:\xampp\mysql\data\ib_buffer_pool
2024-10-02 18:16:35 0 [Note] Plugin 'FEEDBACK' is disabled.
2024-10-02 18:16:35 0 [Note] InnoDB: Buffer pool(s) load completed at 241002 18:16:35
2024-10-02 18:16:35 0 [Note] Server socket created on IP: '::'.
2024-10-02 18:25:48 0 [Note] Starting MariaDB 10.4.32-MariaDB source revision c4143f909528e3fab0677a28631d10389354c491 as process 11032
2024-10-02 18:25:48 0 [Note] InnoDB: Mutexes and rw_locks use Windows interlocked functions
2024-10-02 18:25:48 0 [Note] InnoDB: Uses event mutexes
2024-10-02 18:25:48 0 [Note] InnoDB: Compressed tables use zlib 1.3
2024-10-02 18:25:48 0 [Note] InnoDB: Number of pools: 1
2024-10-02 18:25:48 0 [Note] InnoDB: Using SSE2 crc32 instructions
2024-10-02 18:25:48 0 [Note] InnoDB: Initializing buffer pool, total size = 16M, instances = 1, chunk size = 16M
2024-10-02 18:25:48 0 [Note] InnoDB: Completed initialization of buffer pool
2024-10-02 18:25:48 0 [Note] InnoDB: Starting crash recovery from checkpoint LSN=300638
2024-10-02 18:25:49 0 [Note] InnoDB: 128 out of 128 rollback segments are active.
2024-10-02 18:25:49 0 [Note] InnoDB: Removed temporary tablespace data file: "ibtmp1"
2024-10-02 18:25:49 0 [Note] InnoDB: Creating shared tablespace for temporary tables
2024-10-02 18:25:49 0 [Note] InnoDB: Setting file 'C:\xampp\mysql\data\ibtmp1' size to 12 MB. Physically writing the file full; Please wait ...
2024-10-02 18:25:49 0 [Note] InnoDB: File 'C:\xampp\mysql\data\ibtmp1' size is now 12 MB.
2024-10-02 18:25:49 0 [Note] InnoDB: Waiting for purge to start
2024-10-02 18:25:49 0 [Note] InnoDB: 10.4.32 started; log sequence number 300647; transaction id 193
2024-10-02 18:25:49 0 [Note] InnoDB: Loading buffer pool(s) from C:\xampp\mysql\data\ib_buffer_pool
2024-10-02 18:25:49 0 [Note] Plugin 'FEEDBACK' is disabled.
2024-10-02 18:25:49 0 [Note] Server socket created on IP: '::'.
2024-10-02 19:43:46 0 [Note] Starting MariaDB 10.4.32-MariaDB source revision c4143f909528e3fab0677a28631d10389354c491 as process 8880
2024-10-02 19:43:46 0 [Note] InnoDB: Mutexes and rw_locks use Windows interlocked functions
2024-10-02 19:43:46 0 [Note] InnoDB: Uses event mutexes
2024-10-02 19:43:46 0 [Note] InnoDB: Compressed tables use zlib 1.3
2024-10-02 19:43:46 0 [Note] InnoDB: Number of pools: 1
2024-10-02 19:43:46 0 [Note] InnoDB: Using SSE2 crc32 instructions
2024-10-02 19:43:46 0 [Note] InnoDB: Initializing buffer pool, total size = 16M, instances = 1, chunk size = 16M
2024-10-02 19:43:46 0 [Note] InnoDB: Completed initialization of buffer pool
2024-10-02 19:43:46 0 [Note] InnoDB: Starting crash recovery from checkpoint LSN=304468
2024-10-02 19:43:46 0 [Note] InnoDB: 128 out of 128 rollback segments are active.
2024-10-02 19:43:46 0 [Note] InnoDB: Removed temporary tablespace data file: "ibtmp1"
2024-10-02 19:43:46 0 [Note] InnoDB: Creating shared tablespace for temporary tables
2024-10-02 19:43:46 0 [Note] InnoDB: Setting file 'C:\xampp\mysql\data\ibtmp1' size to 12 MB. Physically writing the file full; Please wait ...
2024-10-02 19:43:46 0 [Note] InnoDB: File 'C:\xampp\mysql\data\ibtmp1' size is now 12 MB.
2024-10-02 19:43:46 0 [Note] InnoDB: Waiting for purge to start
2024-10-02 19:43:46 0 [Note] InnoDB: 10.4.32 started; log sequence number 304477; transaction id 218
2024-10-02 19:43:46 0 [Note] InnoDB: Loading buffer pool(s) from C:\xampp\mysql\data\ib_buffer_pool
2024-10-02 19:43:46 0 [Note] Plugin 'FEEDBACK' is disabled.
2024-10-02 19:43:46 0 [Note] Server socket created on IP: '::'.
2024-10-02 19:43:46 0 [Note] InnoDB: Buffer pool(s) load completed at 241002 19:43:46
2024-10-02 19:43:46 0 [Note] Reading of all Master_info entries succeeded
2024-10-02 19:43:46 0 [Note] Added new Master_info '' to hash table
2024-10-02 19:43:46 0 [Note] C:\xampp\mysql\bin\mysqld.exe: ready for connections.
Version: '10.4.32-MariaDB'  socket: ''  port: 3306  mariadb.org binary distribution
2024-10-02 21:24:20 0 [Note] C:\xampp\mysql\bin\mysqld.exe (initiated by: unknown): Normal shutdown
2024-10-02 21:24:20 0 [Note] Event Scheduler: Purging the queue. 0 events
2024-10-02 21:24:20 0 [Note] InnoDB: FTS optimize thread exiting.
2024-10-02 21:24:20 0 [Note] InnoDB: Starting shutdown...
2024-10-02 21:24:20 0 [Note] InnoDB: Dumping buffer pool(s) to C:\xampp\mysql\data\ib_buffer_pool
2024-10-02 21:24:20 0 [Note] InnoDB: Instance 0, restricted to 250 pages due to innodb_buf_pool_dump_pct=25
2024-10-02 21:24:20 0 [Note] InnoDB: Buffer pool(s) dump completed at 241002 21:24:20
2024-10-02 21:24:20 0 [Note] InnoDB: Removed temporary tablespace data file: "ibtmp1"
2024-10-02 21:24:20 0 [Note] InnoDB: Shutdown completed; log sequence number 304495; transaction id 238
2024-10-02 21:24:20 0 [Note] C:\xampp\mysql\bin\mysqld.exe: Shutdown complete

2024-10-02 21:24:32 0 [Note] Starting MariaDB 10.4.32-MariaDB source revision c4143f909528e3fab0677a28631d10389354c491 as process 7228
2024-10-02 21:24:32 0 [Note] InnoDB: Mutexes and rw_locks use Windows interlocked functions
2024-10-02 21:24:32 0 [Note] InnoDB: Uses event mutexes
2024-10-02 21:24:32 0 [Note] InnoDB: Compressed tables use zlib 1.3
2024-10-02 21:24:32 0 [Note] InnoDB: Number of pools: 1
2024-10-02 21:24:32 0 [Note] InnoDB: Using SSE2 crc32 instructions
2024-10-02 21:24:32 0 [Note] InnoDB: Initializing buffer pool, total size = 16M, instances = 1, chunk size = 16M
2024-10-02 21:24:32 0 [Note] InnoDB: Completed initialization of buffer pool
2024-10-02 21:24:33 0 [Note] InnoDB: 128 out of 128 rollback segments are active.
2024-10-02 21:24:33 0 [Note] InnoDB: Creating shared tablespace for temporary tables
2024-10-02 21:24:33 0 [Note] InnoDB: Setting file 'C:\xampp\mysql\data\ibtmp1' size to 12 MB. Physically writing the file full; Please wait ...
2024-10-02 21:24:33 0 [Note] InnoDB: File 'C:\xampp\mysql\data\ibtmp1' size is now 12 MB.
2024-10-02 21:24:33 0 [Note] InnoDB: Waiting for purge to start
2024-10-02 21:24:33 0 [Note] InnoDB: 10.4.32 started; log sequence number 304495; transaction id 218
2024-10-02 21:24:33 0 [Note] InnoDB: Loading buffer pool(s) from C:\xampp\mysql\data\ib_buffer_pool
2024-10-02 21:24:33 0 [Note] Plugin 'FEEDBACK' is disabled.
2024-10-02 21:24:33 0 [Note] InnoDB: Buffer pool(s) load completed at 241002 21:24:33
2024-10-02 21:24:33 0 [Note] Server socket created on IP: '::'.
2024-10-02 21:24:33 0 [Note] Reading of all Master_info entries succeeded
2024-10-02 21:24:33 0 [Note] Added new Master_info '' to hash table
2024-10-02 21:24:33 0 [Note] C:\xampp\mysql\bin\mysqld.exe: ready for connections.
Version: '10.4.32-MariaDB'  socket: ''  port: 3306  mariadb.org binary distribution
2024-10-02 21:35:49 0 [Note] C:\xampp\mysql\bin\mysqld.exe (initiated by: unknown): Normal shutdown
2024-10-02 21:35:49 0 [Note] Event Scheduler: Purging the queue. 0 events
2024-10-02 21:35:49 0 [Note] InnoDB: FTS optimize thread exiting.
2024-10-02 21:35:49 0 [Note] InnoDB: Starting shutdown...
2024-10-02 21:35:49 0 [Note] InnoDB: Dumping buffer pool(s) to C:\xampp\mysql\data\ib_buffer_pool
2024-10-02 21:35:49 0 [Note] InnoDB: Instance 0, restricted to 250 pages due to innodb_buf_pool_dump_pct=25
2024-10-02 21:35:49 0 [Note] InnoDB: Buffer pool(s) dump completed at 241002 21:35:49
2024-10-02 21:35:50 0 [Note] InnoDB: Removed temporary tablespace data file: "ibtmp1"
2024-10-02 21:35:50 0 [Note] InnoDB: Shutdown completed; log sequence number 309885; transaction id 263
2024-10-02 21:35:50 0 [Note] C:\xampp\mysql\bin\mysqld.exe: Shutdown complete

2024-10-02 21:49:26 0 [Note] Starting MariaDB 10.4.32-MariaDB source revision c4143f909528e3fab0677a28631d10389354c491 as process 5456
2024-10-02 21:49:26 0 [Note] InnoDB: Mutexes and rw_locks use Windows interlocked functions
2024-10-02 21:49:26 0 [Note] InnoDB: Uses event mutexes
2024-10-02 21:49:26 0 [Note] InnoDB: Compressed tables use zlib 1.3
2024-10-02 21:49:26 0 [Note] InnoDB: Number of pools: 1
2024-10-02 21:49:26 0 [Note] InnoDB: Using SSE2 crc32 instructions
2024-10-02 21:49:26 0 [Note] InnoDB: Initializing buffer pool, total size = 16M, instances = 1, chunk size = 16M
2024-10-02 21:49:26 0 [Note] InnoDB: Completed initialization of buffer pool
2024-10-02 21:49:26 0 [Note] InnoDB: 128 out of 128 rollback segments are active.
2024-10-02 21:49:26 0 [Note] InnoDB: Creating shared tablespace for temporary tables
2024-10-02 21:49:26 0 [Note] InnoDB: Setting file 'C:\xampp\mysql\data\ibtmp1' size to 12 MB. Physically writing the file full; Please wait ...
2024-10-02 21:49:26 0 [Note] InnoDB: File 'C:\xampp\mysql\data\ibtmp1' size is now 12 MB.
2024-10-02 21:49:26 0 [Note] InnoDB: Waiting for purge to start
2024-10-02 21:49:26 0 [Note] InnoDB: 10.4.32 started; log sequence number 309885; transaction id 264
2024-10-02 21:49:26 0 [Note] InnoDB: Loading buffer pool(s) from C:\xampp\mysql\data\ib_buffer_pool
2024-10-02 21:49:26 0 [Note] Plugin 'FEEDBACK' is disabled.
2024-10-02 21:49:26 0 [Note] Server socket created on IP: '::'.
2024-10-02 21:49:27 0 [Note] InnoDB: Buffer pool(s) load completed at 241002 21:49:27
2024-10-02 21:49:27 0 [Note] Reading of all Master_info entries succeeded
2024-10-02 21:49:27 0 [Note] Added new Master_info '' to hash table
2024-10-02 21:49:27 0 [Note] C:\xampp\mysql\bin\mysqld.exe: ready for connections.
Version: '10.4.32-MariaDB'  socket: ''  port: 3306  mariadb.org binary distribution
2024-10-02 21:54:32 46 [Warning] Aborted connection 46 to db: 'unconnected' user: 'unauthenticated' host: 'localhost' (This connection closed normally without authentication)
2024-10-02 22:00:09 0 [Note] C:\xampp\mysql\bin\mysqld.exe (initiated by: unknown): Normal shutdown
2024-10-02 22:00:09 0 [Note] Event Scheduler: Purging the queue. 0 events
2024-10-02 22:00:09 0 [Note] InnoDB: FTS optimize thread exiting.
2024-10-02 22:00:09 0 [Note] InnoDB: Starting shutdown...
2024-10-02 22:00:09 0 [Note] InnoDB: Dumping buffer pool(s) to C:\xampp\mysql\data\ib_buffer_pool
2024-10-02 22:00:09 0 [Note] InnoDB: Instance 0, restricted to 250 pages due to innodb_buf_pool_dump_pct=25
2024-10-02 22:00:09 0 [Note] InnoDB: Buffer pool(s) dump completed at 241002 22:00:09
2024-10-02 22:00:10 0 [Note] InnoDB: Removed temporary tablespace data file: "ibtmp1"
2024-10-02 22:00:10 0 [Note] InnoDB: Shutdown completed; log sequence number 310700; transaction id 289
2024-10-02 22:00:10 0 [Note] C:\xampp\mysql\bin\mysqld.exe: Shutdown complete

2024-10-02 22:11:34 0 [Note] Starting MariaDB 10.4.32-MariaDB source revision c4143f909528e3fab0677a28631d10389354c491 as process 9876
2024-10-02 22:11:34 0 [Note] InnoDB: Mutexes and rw_locks use Windows interlocked functions
2024-10-02 22:11:34 0 [Note] InnoDB: Uses event mutexes
2024-10-02 22:11:34 0 [Note] InnoDB: Compressed tables use zlib 1.3
2024-10-02 22:11:34 0 [Note] InnoDB: Number of pools: 1
2024-10-02 22:11:34 0 [Note] InnoDB: Using SSE2 crc32 instructions
2024-10-02 22:11:34 0 [Note] InnoDB: Initializing buffer pool, total size = 16M, instances = 1, chunk size = 16M
2024-10-02 22:11:34 0 [Note] InnoDB: Completed initialization of buffer pool
2024-10-02 22:11:34 0 [Note] InnoDB: 128 out of 128 rollback segments are active.
2024-10-02 22:11:34 0 [Note] InnoDB: Creating shared tablespace for temporary tables
2024-10-02 22:11:34 0 [Note] InnoDB: Setting file 'C:\xampp\mysql\data\ibtmp1' size to 12 MB. Physically writing the file full; Please wait ...
2024-10-02 22:11:34 0 [Note] InnoDB: File 'C:\xampp\mysql\data\ibtmp1' size is now 12 MB.
2024-10-02 22:11:34 0 [Note] InnoDB: Waiting for purge to start
2024-10-02 22:11:34 0 [Note] InnoDB: 10.4.32 started; log sequence number 310700; transaction id 290
2024-10-02 22:11:34 0 [Note] InnoDB: Loading buffer pool(s) from C:\xampp\mysql\data\ib_buffer_pool
2024-10-02 22:11:34 0 [Note] Plugin 'FEEDBACK' is disabled.
2024-10-02 22:11:34 0 [Note] Server socket created on IP: '::'.
2024-10-02 22:11:34 0 [Note] InnoDB: Buffer pool(s) load completed at 241002 22:11:34
2024-10-02 22:11:34 0 [Note] Reading of all Master_info entries succeeded
2024-10-02 22:11:34 0 [Note] Added new Master_info '' to hash table
2024-10-02 22:11:34 0 [Note] C:\xampp\mysql\bin\mysqld.exe: ready for connections.
Version: '10.4.32-MariaDB'  socket: ''  port: 3306  mariadb.org binary distribution
2024-10-02 22:19:50 0 [Note] C:\xampp\mysql\bin\mysqld.exe (initiated by: unknown): Normal shutdown
2024-10-02 22:19:50 0 [Note] Event Scheduler: Purging the queue. 0 events
2024-10-02 22:19:50 0 [Note] InnoDB: FTS optimize thread exiting.
2024-10-02 22:19:50 0 [Note] InnoDB: Starting shutdown...
2024-10-02 22:19:50 0 [Note] InnoDB: Dumping buffer pool(s) to C:\xampp\mysql\data\ib_buffer_pool
2024-10-02 22:19:50 0 [Note] InnoDB: Instance 0, restricted to 250 pages due to innodb_buf_pool_dump_pct=25
2024-10-02 22:19:50 0 [Note] InnoDB: Buffer pool(s) dump completed at 241002 22:19:50
2024-10-02 22:19:51 0 [Note] InnoDB: Removed temporary tablespace data file: "ibtmp1"
2024-10-02 22:19:51 0 [Note] InnoDB: Shutdown completed; log sequence number 311343; transaction id 314
2024-10-02 22:19:51 0 [Note] C:\xampp\mysql\bin\mysqld.exe: Shutdown complete

2024-10-02 22:23:22 0 [Note] Starting MariaDB 10.4.32-MariaDB source revision c4143f909528e3fab0677a28631d10389354c491 as process 8932
2024-10-02 22:23:22 0 [Note] InnoDB: Mutexes and rw_locks use Windows interlocked functions
2024-10-02 22:23:22 0 [Note] InnoDB: Uses event mutexes
2024-10-02 22:23:22 0 [Note] InnoDB: Compressed tables use zlib 1.3
2024-10-02 22:23:22 0 [Note] InnoDB: Number of pools: 1
2024-10-02 22:23:22 0 [Note] InnoDB: Using SSE2 crc32 instructions
2024-10-02 22:23:22 0 [Note] InnoDB: Initializing buffer pool, total size = 16M, instances = 1, chunk size = 16M
2024-10-02 22:23:22 0 [Note] InnoDB: Completed initialization of buffer pool
2024-10-02 22:23:22 0 [Note] InnoDB: 128 out of 128 rollback segments are active.
2024-10-02 22:23:22 0 [Note] InnoDB: Creating shared tablespace for temporary tables
2024-10-02 22:23:22 0 [Note] InnoDB: Setting file 'C:\xampp\mysql\data\ibtmp1' size to 12 MB. Physically writing the file full; Please wait ...
2024-10-02 22:23:22 0 [Note] InnoDB: File 'C:\xampp\mysql\data\ibtmp1' size is now 12 MB.
2024-10-02 22:23:22 0 [Note] InnoDB: Waiting for purge to start
2024-10-02 22:23:22 0 [Note] InnoDB: 10.4.32 started; log sequence number 311343; transaction id 315
2024-10-02 22:23:22 0 [Note] InnoDB: Loading buffer pool(s) from C:\xampp\mysql\data\ib_buffer_pool
2024-10-02 22:23:22 0 [Note] Plugin 'FEEDBACK' is disabled.
2024-10-02 22:23:22 0 [Note] Server socket created on IP: '::'.
2024-10-02 22:23:22 0 [Note] InnoDB: Buffer pool(s) load completed at 241002 22:23:22
2024-10-02 22:23:22 0 [Note] Reading of all Master_info entries succeeded
2024-10-02 22:23:22 0 [Note] Added new Master_info '' to hash table
2024-10-02 22:23:22 0 [Note] C:\xampp\mysql\bin\mysqld.exe: ready for connections.
Version: '10.4.32-MariaDB'  socket: ''  port: 3306  mariadb.org binary distribution
2024-10-02 22:37:27 0 [Note] C:\xampp\mysql\bin\mysqld.exe (initiated by: unknown): Normal shutdown
2024-10-02 22:37:27 0 [Note] Event Scheduler: Purging the queue. 0 events
2024-10-02 22:37:27 0 [Note] InnoDB: FTS optimize thread exiting.
2024-10-02 22:37:27 0 [Note] InnoDB: Starting shutdown...
2024-10-02 22:37:27 0 [Note] InnoDB: Dumping buffer pool(s) to C:\xampp\mysql\data\ib_buffer_pool
2024-10-02 22:37:27 0 [Note] InnoDB: Instance 0, restricted to 250 pages due to innodb_buf_pool_dump_pct=25
2024-10-02 22:37:27 0 [Note] InnoDB: Buffer pool(s) dump completed at 241002 22:37:27
2024-10-02 22:37:28 0 [Note] InnoDB: Removed temporary tablespace data file: "ibtmp1"
2024-10-02 22:37:28 0 [Note] InnoDB: Shutdown completed; log sequence number 311669; transaction id 337
2024-10-02 22:37:28 0 [Note] C:\xampp\mysql\bin\mysqld.exe: Shutdown complete

2024-10-02 22:42:04 0 [Note] Starting MariaDB 10.4.32-MariaDB source revision c4143f909528e3fab0677a28631d10389354c491 as process 8144
2024-10-02 22:42:04 0 [Note] InnoDB: Mutexes and rw_locks use Windows interlocked functions
2024-10-02 22:42:04 0 [Note] InnoDB: Uses event mutexes
2024-10-02 22:42:04 0 [Note] InnoDB: Compressed tables use zlib 1.3
2024-10-02 22:42:04 0 [Note] InnoDB: Number of pools: 1
2024-10-02 22:42:04 0 [Note] InnoDB: Using SSE2 crc32 instructions
2024-10-02 22:42:04 0 [Note] InnoDB: Initializing buffer pool, total size = 16M, instances = 1, chunk size = 16M
2024-10-02 22:42:04 0 [Note] InnoDB: Completed initialization of buffer pool
2024-10-02 22:42:05 0 [Note] InnoDB: 128 out of 128 rollback segments are active.
2024-10-02 22:42:05 0 [Note] InnoDB: Creating shared tablespace for temporary tables
2024-10-02 22:42:05 0 [Note] InnoDB: Setting file 'C:\xampp\mysql\data\ibtmp1' size to 12 MB. Physically writing the file full; Please wait ...
2024-10-02 22:42:05 0 [Note] InnoDB: File 'C:\xampp\mysql\data\ibtmp1' size is now 12 MB.
2024-10-02 22:42:05 0 [Note] InnoDB: Waiting for purge to start
2024-10-02 22:42:05 0 [Note] InnoDB: 10.4.32 started; log sequence number 311669; transaction id 338
2024-10-02 22:42:05 0 [Note] InnoDB: Loading buffer pool(s) from C:\xampp\mysql\data\ib_buffer_pool
2024-10-02 22:42:05 0 [Note] Plugin 'FEEDBACK' is disabled.
2024-10-02 22:42:05 0 [Note] Server socket created on IP: '::'.
2024-10-02 22:42:05 0 [Note] InnoDB: Buffer pool(s) load completed at 241002 22:42:05
2024-10-02 22:42:05 0 [Note] Reading of all Master_info entries succeeded
2024-10-02 22:42:05 0 [Note] Added new Master_info '' to hash table
2024-10-02 22:42:05 0 [Note] C:\xampp\mysql\bin\mysqld.exe: ready for connections.
Version: '10.4.32-MariaDB'  socket: ''  port: 3306  mariadb.org binary distribution
2024-10-02 22:58:00 0 [Note] C:\xampp\mysql\bin\mysqld.exe (initiated by: unknown): Normal shutdown
2024-10-02 22:58:00 0 [Note] Event Scheduler: Purging the queue. 0 events
2024-10-02 22:58:00 0 [Note] InnoDB: FTS optimize thread exiting.
2024-10-02 22:58:00 0 [Note] InnoDB: Starting shutdown...
2024-10-02 22:58:00 0 [Note] InnoDB: Dumping buffer pool(s) to C:\xampp\mysql\data\ib_buffer_pool
2024-10-02 22:58:00 0 [Note] InnoDB: Instance 0, restricted to 250 pages due to innodb_buf_pool_dump_pct=25
2024-10-02 22:58:00 0 [Note] InnoDB: Buffer pool(s) dump completed at 241002 22:58:00
2024-10-02 22:58:01 0 [Note] InnoDB: Removed temporary tablespace data file: "ibtmp1"
2024-10-02 22:58:01 0 [Note] InnoDB: Shutdown completed; log sequence number 311678; transaction id 339
2024-10-02 22:58:01 0 [Note] C:\xampp\mysql\bin\mysqld.exe: Shutdown complete

2024-10-02 23:03:01 0 [Note] Starting MariaDB 10.4.32-MariaDB source revision c4143f909528e3fab0677a28631d10389354c491 as process 5072
2024-10-02 23:03:01 0 [Note] InnoDB: Mutexes and rw_locks use Windows interlocked functions
2024-10-02 23:03:01 0 [Note] InnoDB: Uses event mutexes
2024-10-02 23:03:01 0 [Note] InnoDB: Compressed tables use zlib 1.3
2024-10-02 23:03:01 0 [Note] InnoDB: Number of pools: 1
2024-10-02 23:03:01 0 [Note] InnoDB: Using SSE2 crc32 instructions
2024-10-02 23:03:01 0 [Note] InnoDB: Initializing buffer pool, total size = 16M, instances = 1, chunk size = 16M
2024-10-02 23:03:01 0 [Note] InnoDB: Completed initialization of buffer pool
2024-10-02 23:03:01 0 [Note] InnoDB: 128 out of 128 rollback segments are active.
2024-10-02 23:03:01 0 [Note] InnoDB: Creating shared tablespace for temporary tables
2024-10-02 23:03:01 0 [Note] InnoDB: Setting file 'C:\xampp\mysql\data\ibtmp1' size to 12 MB. Physically writing the file full; Please wait ...
2024-10-02 23:03:01 0 [Note] InnoDB: File 'C:\xampp\mysql\data\ibtmp1' size is now 12 MB.
2024-10-02 23:03:01 0 [Note] InnoDB: Waiting for purge to start
2024-10-02 23:03:01 0 [Note] InnoDB: 10.4.32 started; log sequence number 311678; transaction id 338
2024-10-02 23:03:01 0 [Note] InnoDB: Loading buffer pool(s) from C:\xampp\mysql\data\ib_buffer_pool
2024-10-02 23:03:01 0 [Note] Plugin 'FEEDBACK' is disabled.
2024-10-02 23:03:01 0 [Note] Server socket created on IP: '::'.
2024-10-02 23:03:01 0 [Note] Reading of all Master_info entries succeeded
2024-10-02 23:03:01 0 [Note] Added new Master_info '' to hash table
2024-10-02 23:03:01 0 [Note] C:\xampp\mysql\bin\mysqld.exe: ready for connections.
Version: '10.4.32-MariaDB'  socket: ''  port: 3306  mariadb.org binary distribution
2024-10-02 23:03:01 0 [Note] InnoDB: Buffer pool(s) load completed at 241002 23:03:01
2024-10-02 23:05:14 0 [Note] C:\xampp\mysql\bin\mysqld.exe (initiated by: unknown): Normal shutdown
2024-10-02 23:05:14 0 [Note] Event Scheduler: Purging the queue. 0 events
2024-10-02 23:05:14 0 [Note] InnoDB: FTS optimize thread exiting.
2024-10-02 23:05:14 0 [Note] InnoDB: Starting shutdown...
2024-10-02 23:05:14 0 [Note] InnoDB: Dumping buffer pool(s) to C:\xampp\mysql\data\ib_buffer_pool
2024-10-02 23:05:14 0 [Note] InnoDB: Instance 0, restricted to 250 pages due to innodb_buf_pool_dump_pct=25
2024-10-02 23:05:14 0 [Note] InnoDB: Buffer pool(s) dump completed at 241002 23:05:14
2024-10-02 23:05:16 0 [Note] InnoDB: Removed temporary tablespace data file: "ibtmp1"
2024-10-02 23:05:16 0 [Note] InnoDB: Shutdown completed; log sequence number 311687; transaction id 358
2024-10-02 23:05:16 0 [Note] C:\xampp\mysql\bin\mysqld.exe: Shutdown complete

2024-10-02 23:23:51 0 [Note] Starting MariaDB 10.4.32-MariaDB source revision c4143f909528e3fab0677a28631d10389354c491 as process 2532
2024-10-02 23:23:51 0 [Note] InnoDB: Mutexes and rw_locks use Windows interlocked functions
2024-10-02 23:23:51 0 [Note] InnoDB: Uses event mutexes
2024-10-02 23:23:51 0 [Note] InnoDB: Compressed tables use zlib 1.3
2024-10-02 23:23:51 0 [Note] InnoDB: Number of pools: 1
2024-10-02 23:23:51 0 [Note] InnoDB: Using SSE2 crc32 instructions
2024-10-02 23:23:51 0 [Note] InnoDB: Initializing buffer pool, total size = 16M, instances = 1, chunk size = 16M
2024-10-02 23:23:51 0 [Note] InnoDB: Completed initialization of buffer pool
2024-10-02 23:23:51 0 [Note] InnoDB: 128 out of 128 rollback segments are active.
2024-10-02 23:23:51 0 [Note] InnoDB: Creating shared tablespace for temporary tables
2024-10-02 23:23:51 0 [Note] InnoDB: Setting file 'C:\xampp\mysql\data\ibtmp1' size to 12 MB. Physically writing the file full; Please wait ...
2024-10-02 23:23:51 0 [Note] InnoDB: File 'C:\xampp\mysql\data\ibtmp1' size is now 12 MB.
2024-10-02 23:23:51 0 [Note] InnoDB: Waiting for purge to start
2024-10-02 23:23:51 0 [Note] InnoDB: 10.4.32 started; log sequence number 311687; transaction id 338
2024-10-02 23:23:51 0 [Note] InnoDB: Loading buffer pool(s) from C:\xampp\mysql\data\ib_buffer_pool
2024-10-02 23:23:51 0 [Note] Plugin 'FEEDBACK' is disabled.
2024-10-02 23:23:51 0 [Note] Server socket created on IP: '::'.
2024-10-02 23:23:51 0 [Note] InnoDB: Buffer pool(s) load completed at 241002 23:23:51
2024-10-02 23:23:51 0 [Note] Reading of all Master_info entries succeeded
2024-10-02 23:23:51 0 [Note] Added new Master_info '' to hash table
2024-10-02 23:23:51 0 [Note] C:\xampp\mysql\bin\mysqld.exe: ready for connections.
Version: '10.4.32-MariaDB'  socket: ''  port: 3306  mariadb.org binary distribution
2024-10-02 23:25:59 0 [Note] C:\xampp\mysql\bin\mysqld.exe (initiated by: unknown): Normal shutdown
2024-10-02 23:25:59 0 [Note] Event Scheduler: Purging the queue. 0 events
2024-10-02 23:25:59 0 [Note] InnoDB: FTS optimize thread exiting.
2024-10-02 23:26:00 0 [Note] InnoDB: Starting shutdown...
2024-10-02 23:26:00 0 [Note] InnoDB: Dumping buffer pool(s) to C:\xampp\mysql\data\ib_buffer_pool
2024-10-02 23:26:00 0 [Note] InnoDB: Instance 0, restricted to 250 pages due to innodb_buf_pool_dump_pct=25
2024-10-02 23:26:00 0 [Note] InnoDB: Buffer pool(s) dump completed at 241002 23:26:00
2024-10-02 23:26:01 0 [Note] InnoDB: Removed temporary tablespace data file: "ibtmp1"
2024-10-02 23:26:01 0 [Note] InnoDB: Shutdown completed; log sequence number 312210; transaction id 361
2024-10-02 23:26:01 0 [Note] C:\xampp\mysql\bin\mysqld.exe: Shutdown complete

2024-10-02 23:27:35 0 [Note] Starting MariaDB 10.4.32-MariaDB source revision c4143f909528e3fab0677a28631d10389354c491 as process 4328
2024-10-02 23:27:35 0 [Note] InnoDB: Mutexes and rw_locks use Windows interlocked functions
2024-10-02 23:27:35 0 [Note] InnoDB: Uses event mutexes
2024-10-02 23:27:35 0 [Note] InnoDB: Compressed tables use zlib 1.3
2024-10-02 23:27:35 0 [Note] InnoDB: Number of pools: 1
2024-10-02 23:27:35 0 [Note] InnoDB: Using SSE2 crc32 instructions
2024-10-02 23:27:35 0 [Note] InnoDB: Initializing buffer pool, total size = 16M, instances = 1, chunk size = 16M
2024-10-02 23:27:35 0 [Note] InnoDB: Completed initialization of buffer pool
2024-10-02 23:27:35 0 [Note] InnoDB: 128 out of 128 rollback segments are active.
2024-10-02 23:27:35 0 [Note] InnoDB: Creating shared tablespace for temporary tables
2024-10-02 23:27:35 0 [Note] InnoDB: Setting file 'C:\xampp\mysql\data\ibtmp1' size to 12 MB. Physically writing the file full; Please wait ...
2024-10-02 23:27:35 0 [Note] InnoDB: File 'C:\xampp\mysql\data\ibtmp1' size is now 12 MB.
2024-10-02 23:27:35 0 [Note] InnoDB: Waiting for purge to start
2024-10-02 23:27:35 0 [Note] InnoDB: 10.4.32 started; log sequence number 312210; transaction id 362
2024-10-02 23:27:35 0 [Note] InnoDB: Loading buffer pool(s) from C:\xampp\mysql\data\ib_buffer_pool
2024-10-02 23:27:35 0 [Note] Plugin 'FEEDBACK' is disabled.
2024-10-02 23:27:35 0 [Note] Server socket created on IP: '::'.
2024-10-02 23:27:35 0 [Note] InnoDB: Buffer pool(s) load completed at 241002 23:27:35
2024-10-02 23:27:35 0 [Note] Reading of all Master_info entries succeeded
2024-10-02 23:27:35 0 [Note] Added new Master_info '' to hash table
2024-10-02 23:27:35 0 [Note] C:\xampp\mysql\bin\mysqld.exe: ready for connections.
Version: '10.4.32-MariaDB'  socket: ''  port: 3306  mariadb.org binary distribution
2024-10-03  0:32:36 0 [Note] C:\xampp\mysql\bin\mysqld.exe (initiated by: unknown): Normal shutdown
2024-10-03  0:32:36 0 [Note] Event Scheduler: Purging the queue. 0 events
2024-10-03  0:32:36 0 [Note] InnoDB: FTS optimize thread exiting.
2024-10-03  0:32:36 0 [Note] InnoDB: Starting shutdown...
2024-10-03  0:32:36 0 [Note] InnoDB: Dumping buffer pool(s) to C:\xampp\mysql\data\ib_buffer_pool
2024-10-03  0:32:36 0 [Note] InnoDB: Instance 0, restricted to 250 pages due to innodb_buf_pool_dump_pct=25
2024-10-03  0:32:36 0 [Note] InnoDB: Buffer pool(s) dump completed at 241003  0:32:36
2024-10-03  0:32:37 0 [Note] InnoDB: Removed temporary tablespace data file: "ibtmp1"
2024-10-03  0:32:37 0 [Note] InnoDB: Shutdown completed; log sequence number 312219; transaction id 382
2024-10-03  0:32:37 0 [Note] C:\xampp\mysql\bin\mysqld.exe: Shutdown complete

2024-10-03  0:32:39 0 [Note] Starting MariaDB 10.4.32-MariaDB source revision c4143f909528e3fab0677a28631d10389354c491 as process 8692
2024-10-03  0:32:39 0 [Note] InnoDB: Mutexes and rw_locks use Windows interlocked functions
2024-10-03  0:32:39 0 [Note] InnoDB: Uses event mutexes
2024-10-03  0:32:39 0 [Note] InnoDB: Compressed tables use zlib 1.3
2024-10-03  0:32:39 0 [Note] InnoDB: Number of pools: 1
2024-10-03  0:32:39 0 [Note] InnoDB: Using SSE2 crc32 instructions
2024-10-03  0:32:39 0 [Note] InnoDB: Initializing buffer pool, total size = 16M, instances = 1, chunk size = 16M
2024-10-03  0:32:39 0 [Note] InnoDB: Completed initialization of buffer pool
2024-10-03  0:32:40 0 [Note] InnoDB: 128 out of 128 rollback segments are active.
2024-10-03  0:32:40 0 [Note] InnoDB: Creating shared tablespace for temporary tables
2024-10-03  0:32:40 0 [Note] InnoDB: Setting file 'C:\xampp\mysql\data\ibtmp1' size to 12 MB. Physically writing the file full; Please wait ...
2024-10-03  0:32:40 0 [Note] InnoDB: File 'C:\xampp\mysql\data\ibtmp1' size is now 12 MB.
2024-10-03  0:32:40 0 [Note] InnoDB: Waiting for purge to start
2024-10-03  0:32:40 0 [Note] InnoDB: 10.4.32 started; log sequence number 312219; transaction id 362
2024-10-03  0:32:40 0 [Note] InnoDB: Loading buffer pool(s) from C:\xampp\mysql\data\ib_buffer_pool
2024-10-03  0:32:40 0 [Note] Plugin 'FEEDBACK' is disabled.
2024-10-03  0:32:40 0 [Note] Server socket created on IP: '::'.
2024-10-03  0:32:40 0 [Note] InnoDB: Buffer pool(s) load completed at 241003  0:32:40
2024-10-03  0:32:40 0 [Note] Reading of all Master_info entries succeeded
2024-10-03  0:32:40 0 [Note] Added new Master_info '' to hash table
2024-10-03  0:32:40 0 [Note] C:\xampp\mysql\bin\mysqld.exe: ready for connections.
Version: '10.4.32-MariaDB'  socket: ''  port: 3306  mariadb.org binary distribution
2024-10-03  2:04:09 0 [Note] C:\xampp\mysql\bin\mysqld.exe (initiated by: unknown): Normal shutdown
2024-10-03  2:04:09 0 [Note] Event Scheduler: Purging the queue. 0 events
2024-10-03  2:04:09 0 [Note] InnoDB: FTS optimize thread exiting.
2024-10-03  2:04:09 0 [Note] InnoDB: Starting shutdown...
2024-10-03  2:04:09 0 [Note] InnoDB: Dumping buffer pool(s) to C:\xampp\mysql\data\ib_buffer_pool
2024-10-03  2:04:09 0 [Note] InnoDB: Instance 0, restricted to 250 pages due to innodb_buf_pool_dump_pct=25
2024-10-03  2:04:09 0 [Note] InnoDB: Buffer pool(s) dump completed at 241003  2:04:09
2024-10-03  2:04:11 0 [Note] InnoDB: Removed temporary tablespace data file: "ibtmp1"
2024-10-03  2:04:11 0 [Note] InnoDB: Shutdown completed; log sequence number 1346459; transaction id 2121
2024-10-03  2:04:11 0 [Note] C:\xampp\mysql\bin\mysqld.exe: Shutdown complete

2024-10-03  2:04:14 0 [Note] Starting MariaDB 10.4.32-MariaDB source revision c4143f909528e3fab0677a28631d10389354c491 as process 13972
2024-10-03  2:04:14 0 [Note] InnoDB: Mutexes and rw_locks use Windows interlocked functions
2024-10-03  2:04:14 0 [Note] InnoDB: Uses event mutexes
2024-10-03  2:04:14 0 [Note] InnoDB: Compressed tables use zlib 1.3
2024-10-03  2:04:14 0 [Note] InnoDB: Number of pools: 1
2024-10-03  2:04:14 0 [Note] InnoDB: Using SSE2 crc32 instructions
2024-10-03  2:04:14 0 [Note] InnoDB: Initializing buffer pool, total size = 16M, instances = 1, chunk size = 16M
2024-10-03  2:04:14 0 [Note] InnoDB: Completed initialization of buffer pool
2024-10-03  2:04:14 0 [Note] InnoDB: 128 out of 128 rollback segments are active.
2024-10-03  2:04:14 0 [Note] InnoDB: Creating shared tablespace for temporary tables
2024-10-03  2:04:14 0 [Note] InnoDB: Setting file 'C:\xampp\mysql\data\ibtmp1' size to 12 MB. Physically writing the file full; Please wait ...
2024-10-03  2:04:14 0 [Note] InnoDB: File 'C:\xampp\mysql\data\ibtmp1' size is now 12 MB.
2024-10-03  2:04:14 0 [Note] InnoDB: Waiting for purge to start
2024-10-03  2:04:14 0 [Note] InnoDB: 10.4.32 started; log sequence number 1346459; transaction id 2122
2024-10-03  2:04:14 0 [Note] InnoDB: Loading buffer pool(s) from C:\xampp\mysql\data\ib_buffer_pool
2024-10-03  2:04:14 0 [Note] Plugin 'FEEDBACK' is disabled.
2024-10-03  2:04:14 0 [Note] Server socket created on IP: '::'.
2024-10-03  2:04:14 0 [Note] InnoDB: Buffer pool(s) load completed at 241003  2:04:14
2024-10-03  2:04:14 0 [Note] Reading of all Master_info entries succeeded
2024-10-03  2:04:14 0 [Note] Added new Master_info '' to hash table
2024-10-03  2:04:14 0 [Note] C:\xampp\mysql\bin\mysqld.exe: ready for connections.
Version: '10.4.32-MariaDB'  socket: ''  port: 3306  mariadb.org binary distribution
2024-10-03 16:44:56 0 [Note] Starting MariaDB 10.4.32-MariaDB source revision c4143f909528e3fab0677a28631d10389354c491 as process 4980
2024-10-03 16:44:56 0 [Note] InnoDB: Mutexes and rw_locks use Windows interlocked functions
2024-10-03 16:44:56 0 [Note] InnoDB: Uses event mutexes
2024-10-03 16:44:56 0 [Note] InnoDB: Compressed tables use zlib 1.3
2024-10-03 16:44:56 0 [Note] InnoDB: Number of pools: 1
2024-10-03 16:44:56 0 [Note] InnoDB: Using SSE2 crc32 instructions
2024-10-03 16:44:56 0 [Note] InnoDB: Initializing buffer pool, total size = 16M, instances = 1, chunk size = 16M
2024-10-03 16:44:56 0 [Note] InnoDB: Completed initialization of buffer pool
2024-10-03 16:44:57 0 [Note] InnoDB: Starting crash recovery from checkpoint LSN=1381319
2024-10-03 16:44:57 0 [Note] InnoDB: 128 out of 128 rollback segments are active.
2024-10-03 16:44:57 0 [Note] InnoDB: Removed temporary tablespace data file: "ibtmp1"
2024-10-03 16:44:57 0 [Note] InnoDB: Creating shared tablespace for temporary tables
2024-10-03 16:44:57 0 [Note] InnoDB: Setting file 'C:\xampp\mysql\data\ibtmp1' size to 12 MB. Physically writing the file full; Please wait ...
2024-10-03 16:44:57 0 [Note] InnoDB: File 'C:\xampp\mysql\data\ibtmp1' size is now 12 MB.
2024-10-03 16:44:57 0 [Note] InnoDB: Waiting for purge to start
2024-10-03 16:44:57 0 [Note] InnoDB: 10.4.32 started; log sequence number 1381328; transaction id 2253
2024-10-03 16:44:57 0 [Note] InnoDB: Loading buffer pool(s) from C:\xampp\mysql\data\ib_buffer_pool
2024-10-03 16:44:57 0 [Note] Plugin 'FEEDBACK' is disabled.
2024-10-03 16:44:57 0 [Note] InnoDB: Buffer pool(s) load completed at 241003 16:44:57
2024-10-03 16:44:57 0 [Note] Server socket created on IP: '::'.
2024-10-03 16:44:58 0 [Note] Reading of all Master_info entries succeeded
2024-10-03 16:44:58 0 [Note] Added new Master_info '' to hash table
2024-10-03 16:44:58 0 [Note] C:\xampp\mysql\bin\mysqld.exe: ready for connections.
Version: '10.4.32-MariaDB'  socket: ''  port: 3306  mariadb.org binary distribution
